    OpenRGB v0.9+ (1.0rc2)
    Commit:  from 
    Launched: 20251212_190659
====================================================================================================

0     |Info:    [ProfileManager] Found file: RGB_1.orp attempting to validate header
0     |Info:    [ProfileManager] Valid v5 profile found for RGB_1
53    |Info:    [ResourceManager] Initializing HID interfaces: Success
53    |Info:    ------------------------------------------------------
53    |Info:    |               Start device detection               |
53    |Info:    ------------------------------------------------------
62    |Info:    ------------------------------------------------------
62    |Info:    |             Detecting I2C interfaces               |
62    |Info:    ------------------------------------------------------
62    |Info:    [ResourceManager] Registering I2C interface: /dev/i2c-3 Device 10DE:2504 Subsystem: 1043:8816
62    |Info:    [ResourceManager] Registering I2C interface: /dev/i2c-1 Device 10DE:2504 Subsystem: 1043:8816
63    |Info:    [ResourceManager] Registering I2C interface: /dev/i2c-4 Device 10DE:2504 Subsystem: 1043:8816
63    |Info:    [ResourceManager] Registering I2C interface: /dev/i2c-2 Device 10DE:2504 Subsystem: 1043:8816
63    |Info:    [ResourceManager] Registering I2C interface: /dev/i2c-0 Device 10DE:2504 Subsystem: 1043:8816
63    |Info:    [ResourceManager] Registering I2C interface: /dev/i2c-5 Device 10DE:2504 Subsystem: 1043:8816
63    |Info:    ------------------------------------------------------
63    |Info:    |               Detecting I2C devices                |
63    |Info:    ------------------------------------------------------
63    |Info:    ------------------------------------------------------
63    |Info:    |            Detecting I2C DIMM modules              |
63    |Info:    ------------------------------------------------------
63    |Info:    ------------------------------------------------------
63    |Info:    |               Detecting I2C PCI devices            |
63    |Info:    ------------------------------------------------------
473   |Info:    [ASUS TUF GeForce RTX 3060 V2 Gaming OC] Registering RGB controller
516   |Info:    ------------------------------------------------------
516   |Info:    |               Detecting HID devices                |
516   |Info:    ------------------------------------------------------
516   |Info:    [Logitech G213] Registering RGB controller
517   |Info:    ------------------------------------------------------
517   |Info:    |            Detecting libusb HID devices            |
517   |Info:    ------------------------------------------------------
575   |Info:    ------------------------------------------------------
575   |Info:    |              Detecting other devices               |
575   |Info:    ------------------------------------------------------
589   |Info:    [ResourceManager] Calling Post-detection callbacks
589   |Info:    ------------------------------------------------------
590   |Info:    |                Detection completed                 |
590   |Info:    ------------------------------------------------------
590   |Info:    [ProfileManager] Profile loading: FAILED! for ASUS TUF GeForce RTX 3060 V2 Gaming OC @ I2C: /dev/i2c-0, address 0x67
590   |Info:    [ProfileManager] Profile loading: Succeeded for Logitech G213 @ HID: /dev/hidraw1
